2018-10-19T23:51:56.609739Z 0 [Warning] TIMESTAMP with implicit DEFAULT value is deprecated. Please use --explicit_defaults_for_timestamp server option (see documentation for more details).
2018-10-19T23:51:56.610311Z 0 [Note] /usr/sbin/mysqld (mysqld 5.7.23) starting as process 34 ...
2018-10-19T23:51:56.650968Z 0 [Note] InnoDB: PUNCH HOLE support available
2018-10-19T23:51:56.659349Z 0 [Note] InnoDB: Mutexes and rw_locks use GCC atomic builtins
2018-10-19T23:51:56.659373Z 0 [Note] InnoDB: Uses event mutexes
2018-10-19T23:51:56.659383Z 0 [Note] InnoDB: GCC builtin __atomic_thread_fence() is used for memory barrier
2018-10-19T23:51:56.659393Z 0 [Note] InnoDB: Compressed tables use zlib 1.2.3
2018-10-19T23:51:56.659402Z 0 [Note] InnoDB: Using Linux native AIO
2018-10-19T23:51:56.660010Z 0 [Note] InnoDB: Number of pools: 1
2018-10-19T23:51:56.660207Z 0 [Note] InnoDB: Using CPU crc32 instructions
2018-10-19T23:51:56.678920Z 0 [Note] InnoDB: Initializing buffer pool, total size = 32M, instances = 1, chunk size = 32M
2018-10-19T23:51:56.682574Z 0 [Note] InnoDB: Completed initialization of buffer pool
2018-10-19T23:51:56.690011Z 0 [Note] InnoDB: If the mysqld execution user is authorized, page cleaner thread priority can be changed. See the man page of setpriority().
2018-10-19T23:51:56.708448Z 0 [Note] InnoDB: Highest supported file format is Barracuda.
2018-10-19T23:51:56.709479Z 0 [Note] InnoDB: Log scan progressed past the checkpoint lsn 2588963
2018-10-19T23:51:56.709519Z 0 [Note] InnoDB: Doing recovery: scanned up to log sequence number 2591784
2018-10-19T23:51:56.710458Z 0 [Note] InnoDB: Database was not shutdown normally!
2018-10-19T23:51:56.710490Z 0 [Note] InnoDB: Starting crash recovery.
2018-10-19T23:51:57.221552Z 0 [Note] InnoDB: Starting an apply batch of log records to the database...
InnoDB: Progress in percent: 27 28 29 30 31 32 33 34 35 36 37 38 39 40 41 42 43 44 45 46 47 48 49 50 51 52 53 54 55 56 57 58 59 60 61 62 63 64 65 66 67 68 69 70 71 72 73 74 75 76 77 78 79 80 81 82 83 84 85 86 87 88 89 90 91 92 93 94 95 96 97 98 99 
2018-10-19T23:51:57.241131Z 0 [Note] InnoDB: Apply batch completed
2018-10-19T23:51:57.346291Z 0 [Note] InnoDB: Removed temporary tablespace data file: "ibtmp1"
2018-10-19T23:51:57.346348Z 0 [Note] InnoDB: Creating shared tablespace for temporary tables
2018-10-19T23:51:57.346490Z 0 [Note] InnoDB: Setting file './ibtmp1' size to 12 MB. Physically writing the file full; Please wait ...
2018-10-19T23:51:57.446805Z 0 [Note] InnoDB: File './ibtmp1' size is now 12 MB.
2018-10-19T23:51:57.449800Z 0 [Note] InnoDB: 96 redo rollback segment(s) found. 96 redo rollback segment(s) are active.
2018-10-19T23:51:57.449851Z 0 [Note] InnoDB: 32 non-redo rollback segment(s) are active.
2018-10-19T23:51:57.452989Z 0 [Note] InnoDB: Waiting for purge to start
2018-10-19T23:51:57.504797Z 0 [Note] InnoDB: 5.7.23 started; log sequence number 2591784
2018-10-19T23:51:57.505769Z 0 [Note] Plugin 'FEDERATED' is disabled.
2018-10-19T23:51:57.507994Z 0 [Warning] Failed to set up SSL because of the following SSL library error: SSL context is not usable without certificate and private key
2018-10-19T23:51:57.508028Z 0 [Note] Server hostname (bind-address): '*'; port: 3306
2018-10-19T23:51:57.508089Z 0 [Note] IPv6 is available.
2018-10-19T23:51:57.508108Z 0 [Note]   - '::' resolves to '::';
2018-10-19T23:51:57.508121Z 0 [Note] Server socket created on IP: '::'.
2018-10-19T23:51:57.523366Z 0 [Note] InnoDB: Loading buffer pool(s) from /var/lib/mysql/ib_buffer_pool
2018-10-19T23:51:57.526158Z 0 [Note] InnoDB: Buffer pool(s) load completed at 181019 23:51:57
2018-10-19T23:51:57.529006Z 0 [Warning] Insecure configuration for --pid-file: Location '/var/run/mysqld' in the path is accessible to all OS users. Consider choosing a different directory.
2018-10-19T23:51:57.530661Z 0 [ERROR] /usr/sbin/mysqld: Table './mysql/user' is marked as crashed and should be repaired
2018-10-19T23:51:57.530981Z 0 [Warning] Checking table:   './mysql/user'
2018-10-19T23:51:57.531007Z 0 [ERROR] 1 client is using or hasn't closed the table properly
2018-10-19T23:51:57.532190Z 0 [Warning] 'user' entry 'root@localhost' ignored in --skip-name-resolve mode.
2018-10-19T23:51:57.532238Z 0 [Warning] 'user' entry 'mysql.session@localhost' ignored in --skip-name-resolve mode.
2018-10-19T23:51:57.532253Z 0 [Warning] 'user' entry 'mysql.sys@localhost' ignored in --skip-name-resolve mode.
2018-10-19T23:51:57.532278Z 0 [Warning] 'db' entry 'performance_schema mysql.session@localhost' ignored in --skip-name-resolve mode.
2018-10-19T23:51:57.532284Z 0 [Warning] 'db' entry 'sys mysql.sys@localhost' ignored in --skip-name-resolve mode.
2018-10-19T23:51:57.532298Z 0 [Warning] 'proxies_priv' entry '@ root@localhost' ignored in --skip-name-resolve mode.
2018-10-19T23:51:57.561170Z 0 [Warning] 'tables_priv' entry 'user mysql.session@localhost' ignored in --skip-name-resolve mode.
2018-10-19T23:51:57.561199Z 0 [Warning] 'tables_priv' entry 'sys_config mysql.sys@localhost' ignored in --skip-name-resolve mode.
2018-10-19T23:51:57.594447Z 0 [Note] Event Scheduler: Loaded 0 events
2018-10-19T23:51:57.599453Z 0 [Note] /usr/sbin/mysqld: ready for connections.
Version: '5.7.23'  socket: '/var/run/mysqld/mysqld.sock'  port: 3306  MySQL Community Server (GPL)
2018-10-19T23:52:00.134660Z 4 [ERROR] /usr/sbin/mysqld: Table './mysql/proc' is marked as crashed and should be repaired
2018-10-19T23:52:00.136874Z 4 [Warning] Checking table:   './mysql/proc'
2018-10-19T23:52:00.191388Z 6 [Warning] 'user' entry 'root@localhost' ignored in --skip-name-resolve mode.
2018-10-19T23:52:00.191422Z 6 [Warning] 'user' entry 'mysql.session@localhost' ignored in --skip-name-resolve mode.
2018-10-19T23:52:00.191434Z 6 [Warning] 'user' entry 'mysql.sys@localhost' ignored in --skip-name-resolve mode.
2018-10-19T23:52:00.191458Z 6 [Warning] 'db' entry 'performance_schema mysql.session@localhost' ignored in --skip-name-resolve mode.
2018-10-19T23:52:00.191465Z 6 [Warning] 'db' entry 'sys mysql.sys@localhost' ignored in --skip-name-resolve mode.
2018-10-19T23:52:00.191477Z 6 [Warning] 'proxies_priv' entry '@ root@localhost' ignored in --skip-name-resolve mode.
2018-10-19T23:52:00.191757Z 6 [Warning] 'tables_priv' entry 'user mysql.session@localhost' ignored in --skip-name-resolve mode.
2018-10-19T23:52:00.191860Z 6 [Warning] 'tables_priv' entry 'sys_config mysql.sys@localhost' ignored in --skip-name-resolve mode.
2018-10-20T02:49:20.480413Z 0 [Note] InnoDB: page_cleaner: 1000ms intended loop took 146011ms. The settings might not be optimal. (flushed=0 and evicted=0, during the time.)
2018-10-20T03:27:36.974730Z 0 [Note] InnoDB: page_cleaner: 1000ms intended loop took 744339ms. The settings might not be optimal. (flushed=0 and evicted=0, during the time.)
2018-10-20T03:32:00.239896Z 0 [Note] Giving 0 client threads a chance to die gracefully
2018-10-20T03:32:00.243024Z 0 [Note] Shutting down slave threads
2018-10-20T03:32:00.243051Z 0 [Note] Forcefully disconnecting 0 remaining clients
2018-10-20T03:32:00.243065Z 0 [Note] Event Scheduler: Purging the queue. 0 events
2018-10-20T03:32:00.243125Z 0 [Note] Binlog end
2018-10-20T03:32:00.249051Z 0 [Note] Shutting down plugin 'ngram'
2018-10-20T03:32:00.249077Z 0 [Note] Shutting down plugin 'partition'
2018-10-20T03:32:00.249083Z 0 [Note] Shutting down plugin 'BLACKHOLE'
2018-10-20T03:32:00.249087Z 0 [Note] Shutting down plugin 'ARCHIVE'
2018-10-20T03:32:00.249090Z 0 [Note] Shutting down plugin 'PERFORMANCE_SCHEMA'
2018-10-20T03:32:00.249111Z 0 [Note] Shutting down plugin 'MRG_MYISAM'
2018-10-20T03:32:00.249114Z 0 [Note] Shutting down plugin 'MyISAM'
2018-10-20T03:32:00.249126Z 0 [Note] Shutting down plugin 'INNODB_SYS_VIRTUAL'
2018-10-20T03:32:00.249130Z 0 [Note] Shutting down plugin 'INNODB_SYS_DATAFILES'
2018-10-20T03:32:00.249133Z 0 [Note] Shutting down plugin 'INNODB_SYS_TABLESPACES'
2018-10-20T03:32:00.249136Z 0 [Note] Shutting down plugin 'INNODB_SYS_FOREIGN_COLS'
2018-10-20T03:32:00.249139Z 0 [Note] Shutting down plugin 'INNODB_SYS_FOREIGN'
2018-10-20T03:32:00.249141Z 0 [Note] Shutting down plugin 'INNODB_SYS_FIELDS'
2018-10-20T03:32:00.249144Z 0 [Note] Shutting down plugin 'INNODB_SYS_COLUMNS'
2018-10-20T03:32:00.249155Z 0 [Note] Shutting down plugin 'INNODB_SYS_INDEXES'
2018-10-20T03:32:00.249158Z 0 [Note] Shutting down plugin 'INNODB_SYS_TABLESTATS'
2018-10-20T03:32:00.249161Z 0 [Note] Shutting down plugin 'INNODB_SYS_TABLES'
2018-10-20T03:32:00.249163Z 0 [Note] Shutting down plugin 'INNODB_FT_INDEX_TABLE'
2018-10-20T03:32:00.249166Z 0 [Note] Shutting down plugin 'INNODB_FT_INDEX_CACHE'
2018-10-20T03:32:00.249182Z 0 [Note] Shutting down plugin 'INNODB_FT_CONFIG'
2018-10-20T03:32:00.249185Z 0 [Note] Shutting down plugin 'INNODB_FT_BEING_DELETED'
2018-10-20T03:32:00.249188Z 0 [Note] Shutting down plugin 'INNODB_FT_DELETED'
2018-10-20T03:32:00.249191Z 0 [Note] Shutting down plugin 'INNODB_FT_DEFAULT_STOPWORD'
2018-10-20T03:32:00.249194Z 0 [Note] Shutting down plugin 'INNODB_METRICS'
2018-10-20T03:32:00.249197Z 0 [Note] Shutting down plugin 'INNODB_TEMP_TABLE_INFO'
2018-10-20T03:32:00.249200Z 0 [Note] Shutting down plugin 'INNODB_BUFFER_POOL_STATS'
2018-10-20T03:32:00.249203Z 0 [Note] Shutting down plugin 'INNODB_BUFFER_PAGE_LRU'
2018-10-20T03:32:00.249205Z 0 [Note] Shutting down plugin 'INNODB_BUFFER_PAGE'
2018-10-20T03:32:00.249208Z 0 [Note] Shutting down plugin 'INNODB_CMP_PER_INDEX_RESET'
2018-10-20T03:32:00.249212Z 0 [Note] Shutting down plugin 'INNODB_CMP_PER_INDEX'
2018-10-20T03:32:00.249214Z 0 [Note] Shutting down plugin 'INNODB_CMPMEM_RESET'
2018-10-20T03:32:00.249217Z 0 [Note] Shutting down plugin 'INNODB_CMPMEM'
2018-10-20T03:32:00.249220Z 0 [Note] Shutting down plugin 'INNODB_CMP_RESET'
2018-10-20T03:32:00.249223Z 0 [Note] Shutting down plugin 'INNODB_CMP'
2018-10-20T03:32:00.249226Z 0 [Note] Shutting down plugin 'INNODB_LOCK_WAITS'
2018-10-20T03:32:00.249229Z 0 [Note] Shutting down plugin 'INNODB_LOCKS'
2018-10-20T03:32:00.249232Z 0 [Note] Shutting down plugin 'INNODB_TRX'
2018-10-20T03:32:00.249235Z 0 [Note] Shutting down plugin 'InnoDB'
2018-10-20T03:32:00.249302Z 0 [Note] InnoDB: FTS optimize thread exiting.
2018-10-20T03:32:00.249575Z 0 [Note] InnoDB: Starting shutdown...
2018-10-20T03:32:00.353723Z 0 [Note] InnoDB: Dumping buffer pool(s) to /var/lib/mysql/ib_buffer_pool
2018-10-20T03:32:00.354835Z 0 [Note] InnoDB: Buffer pool(s) dump completed at 181020  3:32:00
2018-10-20T03:32:02.075329Z 0 [Note] InnoDB: Shutdown completed; log sequence number 3836968
2018-10-20T03:32:02.078948Z 0 [Note] InnoDB: Removed temporary tablespace data file: "ibtmp1"
2018-10-20T03:32:02.078996Z 0 [Note] Shutting down plugin 'MEMORY'
2018-10-20T03:32:02.079006Z 0 [Note] Shutting down plugin 'CSV'
2018-10-20T03:32:02.079012Z 0 [Note] Shutting down plugin 'sha256_password'
2018-10-20T03:32:02.079015Z 0 [Note] Shutting down plugin 'mysql_native_password'
2018-10-20T03:32:02.079216Z 0 [Note] Shutting down plugin 'binlog'
2018-10-20T03:32:02.079734Z 0 [Note] /usr/sbin/mysqld: Shutdown complete

2018-10-20T22:48:30.640539Z 0 [Warning] TIMESTAMP with implicit DEFAULT value is deprecated. Please use --explicit_defaults_for_timestamp server option (see documentation for more details).
2018-10-20T22:48:30.660368Z 0 [Note] /usr/sbin/mysqld (mysqld 5.7.23) starting as process 57 ...
2018-10-20T22:48:30.717964Z 0 [Note] InnoDB: PUNCH HOLE support available
2018-10-20T22:48:30.718018Z 0 [Note] InnoDB: Mutexes and rw_locks use GCC atomic builtins
2018-10-20T22:48:30.718029Z 0 [Note] InnoDB: Uses event mutexes
2018-10-20T22:48:30.718036Z 0 [Note] InnoDB: GCC builtin __atomic_thread_fence() is used for memory barrier
2018-10-20T22:48:30.718043Z 0 [Note] InnoDB: Compressed tables use zlib 1.2.3
2018-10-20T22:48:30.718051Z 0 [Note] InnoDB: Using Linux native AIO
2018-10-20T22:48:30.721252Z 0 [Note] InnoDB: Number of pools: 1
2018-10-20T22:48:30.726825Z 0 [Note] InnoDB: Using CPU crc32 instructions
2018-10-20T22:48:30.733332Z 0 [Note] InnoDB: Initializing buffer pool, total size = 32M, instances = 1, chunk size = 32M
2018-10-20T22:48:30.747642Z 0 [Note] InnoDB: Completed initialization of buffer pool
2018-10-20T22:48:30.755487Z 0 [Note] InnoDB: If the mysqld execution user is authorized, page cleaner thread priority can be changed. See the man page of setpriority().
2018-10-20T22:48:30.793893Z 0 [Note] InnoDB: Highest supported file format is Barracuda.
2018-10-20T22:48:30.903683Z 0 [Note] InnoDB: Creating shared tablespace for temporary tables
2018-10-20T22:48:30.903848Z 0 [Note] InnoDB: Setting file './ibtmp1' size to 12 MB. Physically writing the file full; Please wait ...
2018-10-20T22:48:31.038646Z 0 [Note] InnoDB: File './ibtmp1' size is now 12 MB.
2018-10-20T22:48:31.039443Z 0 [Note] InnoDB: 96 redo rollback segment(s) found. 96 redo rollback segment(s) are active.
2018-10-20T22:48:31.039454Z 0 [Note] InnoDB: 32 non-redo rollback segment(s) are active.
2018-10-20T22:48:31.040086Z 0 [Note] InnoDB: Waiting for purge to start
2018-10-20T22:48:31.090412Z 0 [Note] InnoDB: 5.7.23 started; log sequence number 3836968
2018-10-20T22:48:31.092012Z 0 [Note] InnoDB: Loading buffer pool(s) from /var/lib/mysql/ib_buffer_pool
2018-10-20T22:48:31.097807Z 0 [Note] Plugin 'FEDERATED' is disabled.
2018-10-20T22:48:31.161688Z 0 [Note] InnoDB: Buffer pool(s) load completed at 181020 22:48:31
2018-10-20T22:48:31.205065Z 0 [Warning] Failed to set up SSL because of the following SSL library error: SSL context is not usable without certificate and private key
2018-10-20T22:48:31.205099Z 0 [Note] Server hostname (bind-address): '*'; port: 3306
2018-10-20T22:48:31.205476Z 0 [Note] IPv6 is available.
2018-10-20T22:48:31.206168Z 0 [Note]   - '::' resolves to '::';
2018-10-20T22:48:31.206188Z 0 [Note] Server socket created on IP: '::'.
2018-10-20T22:48:31.212603Z 0 [Warning] Insecure configuration for --pid-file: Location '/var/run/mysqld' in the path is accessible to all OS users. Consider choosing a different directory.
2018-10-20T22:48:31.227684Z 0 [Warning] 'user' entry 'root@localhost' ignored in --skip-name-resolve mode.
2018-10-20T22:48:31.227741Z 0 [Warning] 'user' entry 'mysql.session@localhost' ignored in --skip-name-resolve mode.
2018-10-20T22:48:31.227753Z 0 [Warning] 'user' entry 'mysql.sys@localhost' ignored in --skip-name-resolve mode.
2018-10-20T22:48:31.228265Z 0 [Warning] 'db' entry 'performance_schema mysql.session@localhost' ignored in --skip-name-resolve mode.
2018-10-20T22:48:31.228279Z 0 [Warning] 'db' entry 'sys mysql.sys@localhost' ignored in --skip-name-resolve mode.
2018-10-20T22:48:31.228753Z 0 [Warning] 'proxies_priv' entry '@ root@localhost' ignored in --skip-name-resolve mode.
2018-10-20T22:48:31.252445Z 0 [Warning] 'tables_priv' entry 'user mysql.session@localhost' ignored in --skip-name-resolve mode.
2018-10-20T22:48:31.252486Z 0 [Warning] 'tables_priv' entry 'sys_config mysql.sys@localhost' ignored in --skip-name-resolve mode.
2018-10-20T22:48:31.350092Z 0 [Note] Event Scheduler: Loaded 0 events
2018-10-20T22:48:31.355215Z 0 [Note] /usr/sbin/mysqld: ready for connections.
Version: '5.7.23'  socket: '/var/run/mysqld/mysqld.sock'  port: 3306  MySQL Community Server (GPL)
2018-10-21T00:41:47.664485Z 0 [Note] InnoDB: page_cleaner: 1000ms intended loop took 5108097ms. The settings might not be optimal. (flushed=0 and evicted=0, during the time.)
2018-10-21T02:44:02.154107Z 0 [Note] Giving 0 client threads a chance to die gracefully
2018-10-21T02:44:02.156128Z 0 [Note] Shutting down slave threads
2018-10-21T02:44:02.156152Z 0 [Note] Forcefully disconnecting 0 remaining clients
2018-10-21T02:44:02.156162Z 0 [Note] Event Scheduler: Purging the queue. 0 events
2018-10-21T02:44:02.156223Z 0 [Note] Binlog end
2018-10-21T02:44:02.159092Z 0 [Note] Shutting down plugin 'ngram'
2018-10-21T02:44:02.159127Z 0 [Note] Shutting down plugin 'partition'
2018-10-21T02:44:02.159136Z 0 [Note] Shutting down plugin 'BLACKHOLE'
2018-10-21T02:44:02.159142Z 0 [Note] Shutting down plugin 'ARCHIVE'
2018-10-21T02:44:02.159147Z 0 [Note] Shutting down plugin 'PERFORMANCE_SCHEMA'
2018-10-21T02:44:02.159172Z 0 [Note] Shutting down plugin 'MRG_MYISAM'
2018-10-21T02:44:02.159178Z 0 [Note] Shutting down plugin 'MyISAM'
2018-10-21T02:44:02.159189Z 0 [Note] Shutting down plugin 'INNODB_SYS_VIRTUAL'
2018-10-21T02:44:02.159193Z 0 [Note] Shutting down plugin 'INNODB_SYS_DATAFILES'
2018-10-21T02:44:02.159208Z 0 [Note] Shutting down plugin 'INNODB_SYS_TABLESPACES'
2018-10-21T02:44:02.159212Z 0 [Note] Shutting down plugin 'INNODB_SYS_FOREIGN_COLS'
2018-10-21T02:44:02.159215Z 0 [Note] Shutting down plugin 'INNODB_SYS_FOREIGN'
2018-10-21T02:44:02.159217Z 0 [Note] Shutting down plugin 'INNODB_SYS_FIELDS'
2018-10-21T02:44:02.159221Z 0 [Note] Shutting down plugin 'INNODB_SYS_COLUMNS'
2018-10-21T02:44:02.159225Z 0 [Note] Shutting down plugin 'INNODB_SYS_INDEXES'
2018-10-21T02:44:02.159229Z 0 [Note] Shutting down plugin 'INNODB_SYS_TABLESTATS'
2018-10-21T02:44:02.159231Z 0 [Note] Shutting down plugin 'INNODB_SYS_TABLES'
2018-10-21T02:44:02.159234Z 0 [Note] Shutting down plugin 'INNODB_FT_INDEX_TABLE'
2018-10-21T02:44:02.159237Z 0 [Note] Shutting down plugin 'INNODB_FT_INDEX_CACHE'
2018-10-21T02:44:02.159240Z 0 [Note] Shutting down plugin 'INNODB_FT_CONFIG'
2018-10-21T02:44:02.159243Z 0 [Note] Shutting down plugin 'INNODB_FT_BEING_DELETED'
2018-10-21T02:44:02.159246Z 0 [Note] Shutting down plugin 'INNODB_FT_DELETED'
2018-10-21T02:44:02.159249Z 0 [Note] Shutting down plugin 'INNODB_FT_DEFAULT_STOPWORD'
2018-10-21T02:44:02.159252Z 0 [Note] Shutting down plugin 'INNODB_METRICS'
2018-10-21T02:44:02.159255Z 0 [Note] Shutting down plugin 'INNODB_TEMP_TABLE_INFO'
2018-10-21T02:44:02.159258Z 0 [Note] Shutting down plugin 'INNODB_BUFFER_POOL_STATS'
2018-10-21T02:44:02.159261Z 0 [Note] Shutting down plugin 'INNODB_BUFFER_PAGE_LRU'
2018-10-21T02:44:02.159264Z 0 [Note] Shutting down plugin 'INNODB_BUFFER_PAGE'
2018-10-21T02:44:02.159267Z 0 [Note] Shutting down plugin 'INNODB_CMP_PER_INDEX_RESET'
2018-10-21T02:44:02.159270Z 0 [Note] Shutting down plugin 'INNODB_CMP_PER_INDEX'
2018-10-21T02:44:02.159272Z 0 [Note] Shutting down plugin 'INNODB_CMPMEM_RESET'
2018-10-21T02:44:02.159276Z 0 [Note] Shutting down plugin 'INNODB_CMPMEM'
2018-10-21T02:44:02.159279Z 0 [Note] Shutting down plugin 'INNODB_CMP_RESET'
2018-10-21T02:44:02.159281Z 0 [Note] Shutting down plugin 'INNODB_CMP'
2018-10-21T02:44:02.159285Z 0 [Note] Shutting down plugin 'INNODB_LOCK_WAITS'
2018-10-21T02:44:02.159288Z 0 [Note] Shutting down plugin 'INNODB_LOCKS'
2018-10-21T02:44:02.159290Z 0 [Note] Shutting down plugin 'INNODB_TRX'
2018-10-21T02:44:02.159293Z 0 [Note] Shutting down plugin 'InnoDB'
2018-10-21T02:44:02.159366Z 0 [Note] InnoDB: FTS optimize thread exiting.
2018-10-21T02:44:02.160452Z 0 [Note] InnoDB: Starting shutdown...
2018-10-21T02:44:02.262378Z 0 [Note] InnoDB: Dumping buffer pool(s) to /var/lib/mysql/ib_buffer_pool
2018-10-21T02:44:02.262948Z 0 [Note] InnoDB: Buffer pool(s) dump completed at 181021  2:44:02
2018-10-21T02:44:03.275704Z 0 [Note] InnoDB: Shutdown completed; log sequence number 4305941
2018-10-21T02:44:03.279034Z 0 [Note] InnoDB: Removed temporary tablespace data file: "ibtmp1"
2018-10-21T02:44:03.279067Z 0 [Note] Shutting down plugin 'MEMORY'
2018-10-21T02:44:03.279073Z 0 [Note] Shutting down plugin 'CSV'
2018-10-21T02:44:03.279077Z 0 [Note] Shutting down plugin 'sha256_password'
2018-10-21T02:44:03.279080Z 0 [Note] Shutting down plugin 'mysql_native_password'
2018-10-21T02:44:03.279205Z 0 [Note] Shutting down plugin 'binlog'
2018-10-21T02:44:03.279623Z 0 [Note] /usr/sbin/mysqld: Shutdown complete

2018-10-23T21:42:37.614332Z 0 [Warning] TIMESTAMP with implicit DEFAULT value is deprecated. Please use --explicit_defaults_for_timestamp server option (see documentation for more details).
2018-10-23T21:42:37.635461Z 0 [Note] /usr/sbin/mysqld (mysqld 5.7.23) starting as process 55 ...
2018-10-23T21:42:37.717303Z 0 [Note] InnoDB: PUNCH HOLE support available
2018-10-23T21:42:37.717338Z 0 [Note] InnoDB: Mutexes and rw_locks use GCC atomic builtins
2018-10-23T21:42:37.717343Z 0 [Note] InnoDB: Uses event mutexes
2018-10-23T21:42:37.717347Z 0 [Note] InnoDB: GCC builtin __atomic_thread_fence() is used for memory barrier
2018-10-23T21:42:37.717351Z 0 [Note] InnoDB: Compressed tables use zlib 1.2.3
2018-10-23T21:42:37.717354Z 0 [Note] InnoDB: Using Linux native AIO
2018-10-23T21:42:37.724364Z 0 [Note] InnoDB: Number of pools: 1
2018-10-23T21:42:37.730168Z 0 [Note] InnoDB: Using CPU crc32 instructions
2018-10-23T21:42:37.734649Z 0 [Note] InnoDB: Initializing buffer pool, total size = 32M, instances = 1, chunk size = 32M
2018-10-23T21:42:37.741725Z 0 [Note] InnoDB: Completed initialization of buffer pool
2018-10-23T21:42:37.745534Z 0 [Note] InnoDB: If the mysqld execution user is authorized, page cleaner thread priority can be changed. See the man page of setpriority().
2018-10-23T21:42:37.783963Z 0 [Note] InnoDB: Highest supported file format is Barracuda.
2018-10-23T21:42:37.867591Z 0 [Note] InnoDB: Creating shared tablespace for temporary tables
2018-10-23T21:42:37.867690Z 0 [Note] InnoDB: Setting file './ibtmp1' size to 12 MB. Physically writing the file full; Please wait ...
2018-10-23T21:42:37.946504Z 0 [Note] InnoDB: File './ibtmp1' size is now 12 MB.
2018-10-23T21:42:37.947824Z 0 [Note] InnoDB: 96 redo rollback segment(s) found. 96 redo rollback segment(s) are active.
2018-10-23T21:42:37.947849Z 0 [Note] InnoDB: 32 non-redo rollback segment(s) are active.
2018-10-23T21:42:37.951701Z 0 [Note] InnoDB: Waiting for purge to start
2018-10-23T21:42:38.002027Z 0 [Note] InnoDB: 5.7.23 started; log sequence number 4305941
2018-10-23T21:42:38.003430Z 0 [Note] Plugin 'FEDERATED' is disabled.
2018-10-23T21:42:38.009149Z 0 [Note] InnoDB: Loading buffer pool(s) from /var/lib/mysql/ib_buffer_pool
2018-10-23T21:42:38.049288Z 0 [Warning] Failed to set up SSL because of the following SSL library error: SSL context is not usable without certificate and private key
2018-10-23T21:42:38.049315Z 0 [Note] Server hostname (bind-address): '*'; port: 3306
2018-10-23T21:42:38.049684Z 0 [Note] IPv6 is available.
2018-10-23T21:42:38.051328Z 0 [Note]   - '::' resolves to '::';
2018-10-23T21:42:38.051358Z 0 [Note] Server socket created on IP: '::'.
2018-10-23T21:42:38.064146Z 0 [Warning] Insecure configuration for --pid-file: Location '/var/run/mysqld' in the path is accessible to all OS users. Consider choosing a different directory.
2018-10-23T21:42:38.109263Z 0 [Warning] 'user' entry 'root@localhost' ignored in --skip-name-resolve mode.
2018-10-23T21:42:38.109315Z 0 [Warning] 'user' entry 'mysql.session@localhost' ignored in --skip-name-resolve mode.
2018-10-23T21:42:38.109324Z 0 [Warning] 'user' entry 'mysql.sys@localhost' ignored in --skip-name-resolve mode.
2018-10-23T21:42:38.110074Z 0 [Warning] 'db' entry 'performance_schema mysql.session@localhost' ignored in --skip-name-resolve mode.
2018-10-23T21:42:38.110107Z 0 [Warning] 'db' entry 'sys mysql.sys@localhost' ignored in --skip-name-resolve mode.
2018-10-23T21:42:38.111490Z 0 [Warning] 'proxies_priv' entry '@ root@localhost' ignored in --skip-name-resolve mode.
2018-10-23T21:42:38.137301Z 0 [Warning] 'tables_priv' entry 'user mysql.session@localhost' ignored in --skip-name-resolve mode.
2018-10-23T21:42:38.137342Z 0 [Warning] 'tables_priv' entry 'sys_config mysql.sys@localhost' ignored in --skip-name-resolve mode.
2018-10-23T21:42:38.148062Z 0 [Note] InnoDB: Buffer pool(s) load completed at 181023 21:42:38
2018-10-23T21:42:38.230183Z 0 [Note] Event Scheduler: Loaded 0 events
2018-10-23T21:42:38.237904Z 0 [Note] /usr/sbin/mysqld: ready for connections.
Version: '5.7.23'  socket: '/var/run/mysqld/mysqld.sock'  port: 3306  MySQL Community Server (GPL)
2018-10-24T01:39:39.380234Z 0 [Note] InnoDB: page_cleaner: 1000ms intended loop took 104575ms. The settings might not be optimal. (flushed=0 and evicted=0, during the time.)
2018-10-24T02:50:40.504554Z 0 [Note] InnoDB: page_cleaner: 1000ms intended loop took 1272856ms. The settings might not be optimal. (flushed=0 and evicted=0, during the time.)
2018-10-24T02:51:01.776042Z 0 [Note] Giving 0 client threads a chance to die gracefully
2018-10-24T02:51:01.778199Z 0 [Note] Shutting down slave threads
2018-10-24T02:51:01.778219Z 0 [Note] Forcefully disconnecting 0 remaining clients
2018-10-24T02:51:01.778228Z 0 [Note] Event Scheduler: Purging the queue. 0 events
2018-10-24T02:51:01.778273Z 0 [Note] Binlog end
2018-10-24T02:51:01.781746Z 0 [Note] Shutting down plugin 'ngram'
2018-10-24T02:51:01.781801Z 0 [Note] Shutting down plugin 'partition'
2018-10-24T02:51:01.781811Z 0 [Note] Shutting down plugin 'BLACKHOLE'
2018-10-24T02:51:01.781817Z 0 [Note] Shutting down plugin 'ARCHIVE'
2018-10-24T02:51:01.781822Z 0 [Note] Shutting down plugin 'PERFORMANCE_SCHEMA'
2018-10-24T02:51:01.781853Z 0 [Note] Shutting down plugin 'MRG_MYISAM'
2018-10-24T02:51:01.781863Z 0 [Note] Shutting down plugin 'MyISAM'
2018-10-24T02:51:01.781879Z 0 [Note] Shutting down plugin 'INNODB_SYS_VIRTUAL'
2018-10-24T02:51:01.781886Z 0 [Note] Shutting down plugin 'INNODB_SYS_DATAFILES'
2018-10-24T02:51:01.781891Z 0 [Note] Shutting down plugin 'INNODB_SYS_TABLESPACES'
2018-10-24T02:51:01.781896Z 0 [Note] Shutting down plugin 'INNODB_SYS_FOREIGN_COLS'
2018-10-24T02:51:01.781901Z 0 [Note] Shutting down plugin 'INNODB_SYS_FOREIGN'
2018-10-24T02:51:01.781905Z 0 [Note] Shutting down plugin 'INNODB_SYS_FIELDS'
2018-10-24T02:51:01.781911Z 0 [Note] Shutting down plugin 'INNODB_SYS_COLUMNS'
2018-10-24T02:51:01.781915Z 0 [Note] Shutting down plugin 'INNODB_SYS_INDEXES'
2018-10-24T02:51:01.781920Z 0 [Note] Shutting down plugin 'INNODB_SYS_TABLESTATS'
2018-10-24T02:51:01.781925Z 0 [Note] Shutting down plugin 'INNODB_SYS_TABLES'
2018-10-24T02:51:01.781930Z 0 [Note] Shutting down plugin 'INNODB_FT_INDEX_TABLE'
2018-10-24T02:51:01.781934Z 0 [Note] Shutting down plugin 'INNODB_FT_INDEX_CACHE'
2018-10-24T02:51:01.781939Z 0 [Note] Shutting down plugin 'INNODB_FT_CONFIG'
2018-10-24T02:51:01.781944Z 0 [Note] Shutting down plugin 'INNODB_FT_BEING_DELETED'
2018-10-24T02:51:01.781948Z 0 [Note] Shutting down plugin 'INNODB_FT_DELETED'
2018-10-24T02:51:01.781953Z 0 [Note] Shutting down plugin 'INNODB_FT_DEFAULT_STOPWORD'
2018-10-24T02:51:01.781958Z 0 [Note] Shutting down plugin 'INNODB_METRICS'
2018-10-24T02:51:01.781963Z 0 [Note] Shutting down plugin 'INNODB_TEMP_TABLE_INFO'
2018-10-24T02:51:01.781967Z 0 [Note] Shutting down plugin 'INNODB_BUFFER_POOL_STATS'
2018-10-24T02:51:01.781972Z 0 [Note] Shutting down plugin 'INNODB_BUFFER_PAGE_LRU'
2018-10-24T02:51:01.781976Z 0 [Note] Shutting down plugin 'INNODB_BUFFER_PAGE'
2018-10-24T02:51:01.781981Z 0 [Note] Shutting down plugin 'INNODB_CMP_PER_INDEX_RESET'
2018-10-24T02:51:01.781986Z 0 [Note] Shutting down plugin 'INNODB_CMP_PER_INDEX'
2018-10-24T02:51:01.781990Z 0 [Note] Shutting down plugin 'INNODB_CMPMEM_RESET'
2018-10-24T02:51:01.782261Z 0 [Note] Shutting down plugin 'INNODB_CMPMEM'
2018-10-24T02:51:01.782272Z 0 [Note] Shutting down plugin 'INNODB_CMP_RESET'
2018-10-24T02:51:01.782275Z 0 [Note] Shutting down plugin 'INNODB_CMP'
2018-10-24T02:51:01.782278Z 0 [Note] Shutting down plugin 'INNODB_LOCK_WAITS'
2018-10-24T02:51:01.782282Z 0 [Note] Shutting down plugin 'INNODB_LOCKS'
2018-10-24T02:51:01.782285Z 0 [Note] Shutting down plugin 'INNODB_TRX'
2018-10-24T02:51:01.782288Z 0 [Note] Shutting down plugin 'InnoDB'
2018-10-24T02:51:01.782600Z 0 [Note] InnoDB: FTS optimize thread exiting.
2018-10-24T02:51:01.783066Z 0 [Note] InnoDB: Starting shutdown...
2018-10-24T02:51:01.884022Z 0 [Note] InnoDB: Dumping buffer pool(s) to /var/lib/mysql/ib_buffer_pool
2018-10-24T02:51:01.884699Z 0 [Note] InnoDB: Buffer pool(s) dump completed at 181024  2:51:01
2018-10-24T02:51:03.706210Z 0 [Note] InnoDB: Shutdown completed; log sequence number 5047349
2018-10-24T02:51:03.715030Z 0 [Note] InnoDB: Removed temporary tablespace data file: "ibtmp1"
2018-10-24T02:51:03.715073Z 0 [Note] Shutting down plugin 'MEMORY'
2018-10-24T02:51:03.715083Z 0 [Note] Shutting down plugin 'CSV'
2018-10-24T02:51:03.715092Z 0 [Note] Shutting down plugin 'sha256_password'
2018-10-24T02:51:03.715098Z 0 [Note] Shutting down plugin 'mysql_native_password'
2018-10-24T02:51:03.715273Z 0 [Note] Shutting down plugin 'binlog'
2018-10-24T02:51:03.716238Z 0 [Note] /usr/sbin/mysqld: Shutdown complete

